Determining if the pthread_create exist failed with the following output:
Change Dir: /home/getterk/下载/2015013194/client/src/CMakeFiles/CMakeTmp

Run Build Command:"/usr/bin/make" "cmTC_a516b/fast"
/usr/bin/make -f CMakeFiles/cmTC_a516b.dir/build.make CMakeFiles/cmTC_a516b.dir/build
make[1]: Entering directory '/home/getterk/下载/2015013194/client/src/CMakeFiles/CMakeTmp'
Building C object CMakeFiles/cmTC_a516b.dir/CheckSymbolExists.c.o
/usr/bin/cc     -o CMakeFiles/cmTC_a516b.dir/CheckSymbolExists.c.o   -c /home/getterk/下载/2015013194/client/src/CMakeFiles/CMakeTmp/CheckSymbolExists.c
Linking C executable cmTC_a516b
/usr/bin/cmake -E cmake_link_script CMakeFiles/cmTC_a516b.dir/link.txt --verbose=1
/usr/bin/cc       CMakeFiles/cmTC_a516b.dir/CheckSymbolExists.c.o  -o cmTC_a516b 
CMakeFiles/cmTC_a516b.dir/CheckSymbolExists.c.o：在函数‘main’中：
CheckSymbolExists.c:(.text+0x1b)：对‘pthread_create’未定义的引用
collect2: error: ld returned 1 exit status
CMakeFiles/cmTC_a516b.dir/build.make:97: recipe for target 'cmTC_a516b' failed
make[1]: *** [cmTC_a516b] Error 1
make[1]: Leaving directory '/home/getterk/下载/2015013194/client/src/CMakeFiles/CMakeTmp'
Makefile:126: recipe for target 'cmTC_a516b/fast' failed
make: *** [cmTC_a516b/fast] Error 2

File /home/getterk/下载/2015013194/client/src/CMakeFiles/CMakeTmp/CheckSymbolExists.c:
/* */
#include <pthread.h>

int main(int argc, char** argv)
{
  (void)argv;
#ifndef pthread_create
  return ((int*)(&pthread_create))[argc];
#else
  (void)argc;
  return 0;
#endif
}

Determining if the function pthread_create exists in the pthreads failed with the following output:
Change Dir: /home/getterk/下载/2015013194/client/src/CMakeFiles/CMakeTmp

Run Build Command:"/usr/bin/make" "cmTC_d32fd/fast"
/usr/bin/make -f CMakeFiles/cmTC_d32fd.dir/build.make CMakeFiles/cmTC_d32fd.dir/build
make[1]: Entering directory '/home/getterk/下载/2015013194/client/src/CMakeFiles/CMakeTmp'
Building C object CMakeFiles/cmTC_d32fd.dir/CheckFunctionExists.c.o
/usr/bin/cc    -DCHECK_FUNCTION_EXISTS=pthread_create   -o CMakeFiles/cmTC_d32fd.dir/CheckFunctionExists.c.o   -c /usr/share/cmake-3.7/Modules/CheckFunctionExists.c
Linking C executable cmTC_d32fd
/usr/bin/cmake -E cmake_link_script CMakeFiles/cmTC_d32fd.dir/link.txt --verbose=1
/usr/bin/cc   -DCHECK_FUNCTION_EXISTS=pthread_create    CMakeFiles/cmTC_d32fd.dir/CheckFunctionExists.c.o  -o cmTC_d32fd -lpthreads 
/usr/bin/ld: 找不到 -lpthreads
collect2: error: ld returned 1 exit status
CMakeFiles/cmTC_d32fd.dir/build.make:97: recipe for target 'cmTC_d32fd' failed
make[1]: *** [cmTC_d32fd] Error 1
make[1]: Leaving directory '/home/getterk/下载/2015013194/client/src/CMakeFiles/CMakeTmp'
Makefile:126: recipe for target 'cmTC_d32fd/fast' failed
make: *** [cmTC_d32fd/fast] Error 2


