Determining if the pthread_create exist failed with the following output:
Change Dir: /home/getterk/下载/2015013194/server/src/CMakeFiles/CMakeTmp

Run Build Command:"/usr/bin/make" "cmTC_b1454/fast"
/usr/bin/make -f CMakeFiles/cmTC_b1454.dir/build.make CMakeFiles/cmTC_b1454.dir/build
make[1]: Entering directory '/home/getterk/下载/2015013194/server/src/CMakeFiles/CMakeTmp'
Building C object CMakeFiles/cmTC_b1454.dir/CheckSymbolExists.c.o
/usr/bin/cc     -o CMakeFiles/cmTC_b1454.dir/CheckSymbolExists.c.o   -c /home/getterk/下载/2015013194/server/src/CMakeFiles/CMakeTmp/CheckSymbolExists.c
Linking C executable cmTC_b1454
/usr/bin/cmake -E cmake_link_script CMakeFiles/cmTC_b1454.dir/link.txt --verbose=1
/usr/bin/cc       CMakeFiles/cmTC_b1454.dir/CheckSymbolExists.c.o  -o cmTC_b1454 
CMakeFiles/cmTC_b1454.dir/CheckSymbolExists.c.o：在函数‘main’中：
CheckSymbolExists.c:(.text+0x1b)：对‘pthread_create’未定义的引用
collect2: error: ld returned 1 exit status
CMakeFiles/cmTC_b1454.dir/build.make:97: recipe for target 'cmTC_b1454' failed
make[1]: *** [cmTC_b1454] Error 1
make[1]: Leaving directory '/home/getterk/下载/2015013194/server/src/CMakeFiles/CMakeTmp'
Makefile:126: recipe for target 'cmTC_b1454/fast' failed
make: *** [cmTC_b1454/fast] Error 2

File /home/getterk/下载/2015013194/server/src/CMakeFiles/CMakeTmp/CheckSymbolExists.c:
/* */
#include <pthread.h>

int main(int argc, char** argv)
{
  (void)argv;
#ifndef pthread_create
  return ((int*)(&pthread_create))[argc];
#else
  (void)argc;
  return 0;
#endif
}

Determining if the function pthread_create exists in the pthreads failed with the following output:
Change Dir: /home/getterk/下载/2015013194/server/src/CMakeFiles/CMakeTmp

Run Build Command:"/usr/bin/make" "cmTC_62bd7/fast"
/usr/bin/make -f CMakeFiles/cmTC_62bd7.dir/build.make CMakeFiles/cmTC_62bd7.dir/build
make[1]: Entering directory '/home/getterk/下载/2015013194/server/src/CMakeFiles/CMakeTmp'
Building C object CMakeFiles/cmTC_62bd7.dir/CheckFunctionExists.c.o
/usr/bin/cc    -DCHECK_FUNCTION_EXISTS=pthread_create   -o CMakeFiles/cmTC_62bd7.dir/CheckFunctionExists.c.o   -c /usr/share/cmake-3.7/Modules/CheckFunctionExists.c
Linking C executable cmTC_62bd7
/usr/bin/cmake -E cmake_link_script CMakeFiles/cmTC_62bd7.dir/link.txt --verbose=1
/usr/bin/cc   -DCHECK_FUNCTION_EXISTS=pthread_create    CMakeFiles/cmTC_62bd7.dir/CheckFunctionExists.c.o  -o cmTC_62bd7 -lpthreads 
/usr/bin/ld: 找不到 -lpthreads
collect2: error: ld returned 1 exit status
CMakeFiles/cmTC_62bd7.dir/build.make:97: recipe for target 'cmTC_62bd7' failed
make[1]: *** [cmTC_62bd7] Error 1
make[1]: Leaving directory '/home/getterk/下载/2015013194/server/src/CMakeFiles/CMakeTmp'
Makefile:126: recipe for target 'cmTC_62bd7/fast' failed
make: *** [cmTC_62bd7/fast] Error 2


